Performing C SOURCE FILE Test CMAKE_HAVE_LIBC_PTHREAD failed with the following output:
Change Dir: /home/shuren/Code/pyDTFE/src/build/CMakeFiles/CMakeScratch/TryCompile-8QZ0XR

Run Build Command(s):/usr/bin/gmake -f Makefile cmTC_667a9/fast && /usr/bin/gmake  -f CMakeFiles/cmTC_667a9.dir/build.make CMakeFiles/cmTC_667a9.dir/build
gmake[1]: Entering directory `/home/shuren/Code/pyDTFE/src/build/CMakeFiles/CMakeScratch/TryCompile-8QZ0XR'
Building C object CMakeFiles/cmTC_667a9.dir/src.c.o
/home/shuren/.conda/envs/shuren_env3.9/bin/x86_64-conda-linux-gnu-cc -DCMAKE_HAVE_LIBC_PTHREAD  -march=nocona -mtune=haswell -ftree-vectorize -fPIC -fstack-protector-strong -fno-plt -O2 -ffunction-sections -pipe -isystem /home/shuren/.conda/envs/shuren_env3.9/include  -o CMakeFiles/cmTC_667a9.dir/src.c.o -c /home/shuren/Code/pyDTFE/src/build/CMakeFiles/CMakeScratch/TryCompile-8QZ0XR/src.c
Linking C executable cmTC_667a9
/opt/compiler/cmake-3.25.1/bin/cmake -E cmake_link_script CMakeFiles/cmTC_667a9.dir/link.txt --verbose=1
/home/shuren/.conda/envs/shuren_env3.9/bin/x86_64-conda-linux-gnu-cc -march=nocona -mtune=haswell -ftree-vectorize -fPIC -fstack-protector-strong -fno-plt -O2 -ffunction-sections -pipe -isystem /home/shuren/.conda/envs/shuren_env3.9/include  -Wl,-O2 -Wl,--sort-common -Wl,--as-needed -Wl,-z,relro -Wl,-z,now -Wl,--disable-new-dtags -Wl,--gc-sections -Wl,-rpath,/home/shuren/.conda/envs/shuren_env3.9/lib -Wl,-rpath-link,/home/shuren/.conda/envs/shuren_env3.9/lib -L/home/shuren/.conda/envs/shuren_env3.9/lib  -rdynamic CMakeFiles/cmTC_667a9.dir/src.c.o -o cmTC_667a9 
/home/shuren/.conda/envs/shuren_env3.9/bin/../lib/gcc/x86_64-conda-linux-gnu/11.2.0/../../../../x86_64-conda-linux-gnu/bin/ld: CMakeFiles/cmTC_667a9.dir/src.c.o: in function `main':
src.c:(.text.startup.main+0x24): undefined reference to `pthread_create'
/home/shuren/.conda/envs/shuren_env3.9/bin/../lib/gcc/x86_64-conda-linux-gnu/11.2.0/../../../../x86_64-conda-linux-gnu/bin/ld: src.c:(.text.startup.main+0x2e): undefined reference to `pthread_detach'
/home/shuren/.conda/envs/shuren_env3.9/bin/../lib/gcc/x86_64-conda-linux-gnu/11.2.0/../../../../x86_64-conda-linux-gnu/bin/ld: src.c:(.text.startup.main+0x38): undefined reference to `pthread_cancel'
/home/shuren/.conda/envs/shuren_env3.9/bin/../lib/gcc/x86_64-conda-linux-gnu/11.2.0/../../../../x86_64-conda-linux-gnu/bin/ld: src.c:(.text.startup.main+0x44): undefined reference to `pthread_join'
/home/shuren/.conda/envs/shuren_env3.9/bin/../lib/gcc/x86_64-conda-linux-gnu/11.2.0/../../../../x86_64-conda-linux-gnu/bin/ld: src.c:(.text.startup.main+0x50): undefined reference to `pthread_atfork'
collect2: error: ld returned 1 exit status
gmake[1]: *** [cmTC_667a9] Error 1
gmake[1]: Leaving directory `/home/shuren/Code/pyDTFE/src/build/CMakeFiles/CMakeScratch/TryCompile-8QZ0XR'
gmake: *** [cmTC_667a9/fast] Error 2


Source file was:
#include <pthread.h>

static void* test_func(void* data)
{
  return data;
}

int main(void)
{
  pthread_t thread;
  pthread_create(&thread, NULL, test_func, NULL);
  pthread_detach(thread);
  pthread_cancel(thread);
  pthread_join(thread, NULL);
  pthread_atfork(NULL, NULL, NULL);
  pthread_exit(NULL);

  return 0;
}


