The system is: Linux - 3.10.0-862.el7.x86_64 - x86_64
Compiling the C compiler identification source file "CMakeCCompilerId.c" succeeded.
Compiler: /home/shuren/.conda/envs/shuren_env3.9/bin/x86_64-conda-linux-gnu-cc 
Build flags: -march=nocona;-mtune=haswell;-ftree-vectorize;-fPIC;-fstack-protector-strong;-fno-plt;-O2;-ffunction-sections;-pipe;-isystem;/home/shuren/.conda/envs/shuren_env3.9/include
Id flags:  

The output was:
0


Compilation of the C compiler identification source "CMakeCCompilerId.c" produced "a.out"

The C compiler identification is GNU, found in "/home/shuren/Code/pyDTFE/src/build/CMakeFiles/3.25.1/CompilerIdC/a.out"

Compiling the CXX compiler identification source file "CMakeCXXCompilerId.cpp" succeeded.
Compiler: /opt/compiler/gcc-11.3.0/bin/c++ 
Build flags: 
Id flags:  

The output was:
0


Compilation of the CXX compiler identification source "CMakeCXXCompilerId.cpp" produced "a.out"

The CXX compiler identification is GNU, found in "/home/shuren/Code/pyDTFE/src/build/CMakeFiles/3.25.1/CompilerIdCXX/a.out"

Detecting C compiler ABI info compiled with the following output:
Change Dir: /home/shuren/Code/pyDTFE/src/build/CMakeFiles/CMakeScratch/TryCompile-K7YYrR

Run Build Command(s):/usr/bin/gmake -f Makefile cmTC_586d8/fast && /usr/bin/gmake  -f CMakeFiles/cmTC_586d8.dir/build.make CMakeFiles/cmTC_586d8.dir/build
gmake[1]: Entering directory `/home/shuren/Code/pyDTFE/src/build/CMakeFiles/CMakeScratch/TryCompile-K7YYrR'
Building C object CMakeFiles/cmTC_586d8.dir/CMakeCCompilerABI.c.o
/home/shuren/.conda/envs/shuren_env3.9/bin/x86_64-conda-linux-gnu-cc   -march=nocona -mtune=haswell -ftree-vectorize -fPIC -fstack-protector-strong -fno-plt -O2 -ffunction-sections -pipe -isystem /home/shuren/.conda/envs/shuren_env3.9/include    -v -o CMakeFiles/cmTC_586d8.dir/CMakeCCompilerABI.c.o -c /opt/compiler/cmake-3.25.1/share/cmake-3.25/Modules/CMakeCCompilerABI.c
Reading specs from /home/shuren/.conda/envs/shuren_env3.9/bin/../lib/gcc/x86_64-conda-linux-gnu/11.2.0/specs
COLLECT_GCC=/home/shuren/.conda/envs/shuren_env3.9/bin/x86_64-conda-linux-gnu-cc
Target: x86_64-conda-linux-gnu
Configured with: /opt/conda/conda-bld/gcc-compiler_1654084175708/work/gcc/configure --build=x86_64-build_conda-linux-gnu --host=x86_64-build_conda-linux-gnu --target=x86_64-conda-linux-gnu --prefix=/opt/conda/conda-bld/gcc-compiler_1654084175708/work/gcc_built --exec_prefix=/opt/conda/conda-bld/gcc-compiler_1654084175708/work/gcc_built --with-sysroot=/opt/conda/conda-bld/gcc-compiler_1654084175708/work/gcc_built/x86_64-conda-linux-gnu/sysroot --with-local-prefix=/opt/conda/conda-bld/gcc-compiler_1654084175708/work/gcc_built/x86_64-conda-linux-gnu/sysroot --enable-long-long --disable-multilib --disable-nls --with-gmp=/opt/conda/conda-bld/gcc-compiler_1654084175708/work/buildtools --with-mpfr=/opt/conda/conda-bld/gcc-compiler_1654084175708/work/buildtools --with-mpc=/opt/conda/conda-bld/gcc-compiler_1654084175708/work/buildtools --with-isl=/opt/conda/conda-bld/gcc-compiler_1654084175708/work/buildtools --without-zstd --enable-languages=c,c++,fortran,objc,obj-c++ --enable-__cxa_atexit --disable-libmudflap --enable-libgomp --enable-libquadmath --enable-libquadmath-support --enable-libsanitizer --disable-libstdcxx-verbose --enable-lto --enable-libcc1 --enable-threads=posix --enable-plugin --with-pkgversion='Anaconda gcc' --enable-libmpx
Thread model: posix
Supported LTO compression algorithms: zlib
gcc version 11.2.0 (Anaconda gcc) 
COLLECT_GCC_OPTIONS='-march=nocona' '-mtune=haswell' '-ftree-vectorize' '-fPIC' '-fstack-protector-strong' '-fno-plt' '-O2' '-ffunction-sections' '-pipe' '-isystem' '/home/shuren/.conda/envs/shuren_env3.9/include' '-v' '-o' 'CMakeFiles/cmTC_586d8.dir/CMakeCCompilerABI.c.o' '-c' '-dumpdir' 'CMakeFiles/cmTC_586d8.dir/'
 /home/shuren/.conda/envs/shuren_env3.9/bin/../libexec/gcc/x86_64-conda-linux-gnu/11.2.0/cc1 -quiet -v -iprefix /home/shuren/.conda/envs/shuren_env3.9/bin/../lib/gcc/x86_64-conda-linux-gnu/11.2.0/ -isysroot /home/shuren/.conda/envs/shuren_env3.9/bin/../x86_64-conda-linux-gnu/sysroot -isystem /home/shuren/.conda/envs/shuren_env3.9/include /opt/compiler/cmake-3.25.1/share/cmake-3.25/Modules/CMakeCCompilerABI.c -quiet -dumpdir CMakeFiles/cmTC_586d8.dir/ -dumpbase CMakeCCompilerABI.c.c -dumpbase-ext .c -march=nocona -mtune=haswell -O2 -version -ftree-vectorize -fPIC -fstack-protector-strong -fno-plt -ffunction-sections -o - |
 /home/shuren/.conda/envs/shuren_env3.9/bin/../lib/gcc/x86_64-conda-linux-gnu/11.2.0/../../../../x86_64-conda-linux-gnu/bin/as -v --64 -o CMakeFiles/cmTC_586d8.dir/CMakeCCompilerABI.c.o
GNU assembler version 2.38 (x86_64-conda-linux-gnu) using BFD version (Anaconda binutils) 2.38
GNU C17 (Anaconda gcc) version 11.2.0 (x86_64-conda-linux-gnu)
	compiled by GNU C version 11.2.0, GMP version 6.2.1, MPFR version 4.1.0, MPC version 1.2.1, isl version isl-0.24-GMP

GGC heuristics: --param ggc-min-expand=100 --param ggc-min-heapsize=131072
ignoring nonexistent directory "/home/shuren/.conda/envs/shuren_env3.9/bin/../lib/gcc/x86_64-conda-linux-gnu/11.2.0/../../../../x86_64-conda-linux-gnu/include"
ignoring duplicate directory "/home/shuren/.conda/envs/shuren_env3.9/bin/../lib/gcc/../../lib/gcc/x86_64-conda-linux-gnu/11.2.0/include"
ignoring nonexistent directory "/home/shuren/.conda/envs/shuren_env3.9/bin/../x86_64-conda-linux-gnu/sysroot/opt/conda/conda-bld/gcc-compiler_1654084175708/work/gcc_built/x86_64-conda-linux-gnu/sysroot/include"
ignoring duplicate directory "/home/shuren/.conda/envs/shuren_env3.9/bin/../lib/gcc/../../lib/gcc/x86_64-conda-linux-gnu/11.2.0/include-fixed"
ignoring nonexistent directory "/home/shuren/.conda/envs/shuren_env3.9/bin/../lib/gcc/../../lib/gcc/x86_64-conda-linux-gnu/11.2.0/../../../../x86_64-conda-linux-gnu/include"
#include "..." search starts here:
#include <...> search starts here:
 /opt/boost_1_73_0/include
 /opt/compiler/gcc-11.3.0/include
 /home/shuren/.conda/envs/shuren_env3.9/include
 /home/shuren/.conda/envs/shuren_env3.9/bin/../lib/gcc/x86_64-conda-linux-gnu/11.2.0/include
 /home/shuren/.conda/envs/shuren_env3.9/bin/../lib/gcc/x86_64-conda-linux-gnu/11.2.0/include-fixed
 /home/shuren/.conda/envs/shuren_env3.9/bin/../x86_64-conda-linux-gnu/sysroot/usr/include
End of search list.
GNU C17 (Anaconda gcc) version 11.2.0 (x86_64-conda-linux-gnu)
	compiled by GNU C version 11.2.0, GMP version 6.2.1, MPFR version 4.1.0, MPC version 1.2.1, isl version isl-0.24-GMP

GGC heuristics: --param ggc-min-expand=100 --param ggc-min-heapsize=131072
Compiler executable checksum: e1e0bc17a565350666787f1586df2119
COMPILER_PATH=/home/shuren/.conda/envs/shuren_env3.9/bin/../libexec/gcc/x86_64-conda-linux-gnu/11.2.0/:/home/shuren/.conda/envs/shuren_env3.9/bin/../libexec/gcc/:/home/shuren/.conda/envs/shuren_env3.9/bin/../lib/gcc/x86_64-conda-linux-gnu/11.2.0/../../../../x86_64-conda-linux-gnu/bin/
LIBRARY_PATH=/home/shuren/.conda/envs/shuren_env3.9/bin/../lib/gcc/x86_64-conda-linux-gnu/11.2.0/:/home/shuren/.conda/envs/shuren_env3.9/bin/../lib/gcc/:/home/shuren/.conda/envs/shuren_env3.9/bin/../lib/gcc/x86_64-conda-linux-gnu/11.2.0/../../../../x86_64-conda-linux-gnu/lib/../lib64/:/home/shuren/.conda/envs/shuren_env3.9/bin/../x86_64-conda-linux-gnu/sysroot/lib/../lib64/:/home/shuren/.conda/envs/shuren_env3.9/bin/../x86_64-conda-linux-gnu/sysroot/usr/lib/../lib64/:/home/shuren/.conda/envs/shuren_env3.9/bin/../lib/gcc/x86_64-conda-linux-gnu/11.2.0/../../../../x86_64-conda-linux-gnu/lib/:/home/shuren/.conda/envs/shuren_env3.9/bin/../x86_64-conda-linux-gnu/sysroot/lib/:/home/shuren/.conda/envs/shuren_env3.9/bin/../x86_64-conda-linux-gnu/sysroot/usr/lib/
COLLECT_GCC_OPTIONS='-march=nocona' '-mtune=haswell' '-ftree-vectorize' '-fPIC' '-fstack-protector-strong' '-fno-plt' '-O2' '-ffunction-sections' '-pipe' '-isystem' '/home/shuren/.conda/envs/shuren_env3.9/include' '-v' '-o' 'CMakeFiles/cmTC_586d8.dir/CMakeCCompilerABI.c.o' '-c' '-dumpdir' 'CMakeFiles/cmTC_586d8.dir/CMakeCCompilerABI.c.'
Linking C executable cmTC_586d8
/opt/compiler/cmake-3.25.1/bin/cmake -E cmake_link_script CMakeFiles/cmTC_586d8.dir/link.txt --verbose=1
/home/shuren/.conda/envs/shuren_env3.9/bin/x86_64-conda-linux-gnu-cc -march=nocona -mtune=haswell -ftree-vectorize -fPIC -fstack-protector-strong -fno-plt -O2 -ffunction-sections -pipe -isystem /home/shuren/.conda/envs/shuren_env3.9/include  -Wl,-O2 -Wl,--sort-common -Wl,--as-needed -Wl,-z,relro -Wl,-z,now -Wl,--disable-new-dtags -Wl,--gc-sections -Wl,-rpath,/home/shuren/.conda/envs/shuren_env3.9/lib -Wl,-rpath-link,/home/shuren/.conda/envs/shuren_env3.9/lib -L/home/shuren/.conda/envs/shuren_env3.9/lib -v -rdynamic CMakeFiles/cmTC_586d8.dir/CMakeCCompilerABI.c.o -o cmTC_586d8 
Reading specs from /home/shuren/.conda/envs/shuren_env3.9/bin/../lib/gcc/x86_64-conda-linux-gnu/11.2.0/specs
COLLECT_GCC=/home/shuren/.conda/envs/shuren_env3.9/bin/x86_64-conda-linux-gnu-cc
COLLECT_LTO_WRAPPER=/home/shuren/.conda/envs/shuren_env3.9/bin/../libexec/gcc/x86_64-conda-linux-gnu/11.2.0/lto-wrapper
Target: x86_64-conda-linux-gnu
Configured with: /opt/conda/conda-bld/gcc-compiler_1654084175708/work/gcc/configure --build=x86_64-build_conda-linux-gnu --host=x86_64-build_conda-linux-gnu --target=x86_64-conda-linux-gnu --prefix=/opt/conda/conda-bld/gcc-compiler_1654084175708/work/gcc_built --exec_prefix=/opt/conda/conda-bld/gcc-compiler_1654084175708/work/gcc_built --with-sysroot=/opt/conda/conda-bld/gcc-compiler_1654084175708/work/gcc_built/x86_64-conda-linux-gnu/sysroot --with-local-prefix=/opt/conda/conda-bld/gcc-compiler_1654084175708/work/gcc_built/x86_64-conda-linux-gnu/sysroot --enable-long-long --disable-multilib --disable-nls --with-gmp=/opt/conda/conda-bld/gcc-compiler_1654084175708/work/buildtools --with-mpfr=/opt/conda/conda-bld/gcc-compiler_1654084175708/work/buildtools --with-mpc=/opt/conda/conda-bld/gcc-compiler_1654084175708/work/buildtools --with-isl=/opt/conda/conda-bld/gcc-compiler_1654084175708/work/buildtools --without-zstd --enable-languages=c,c++,fortran,objc,obj-c++ --enable-__cxa_atexit --disable-libmudflap --enable-libgomp --enable-libquadmath --enable-libquadmath-support --enable-libsanitizer --disable-libstdcxx-verbose --enable-lto --enable-libcc1 --enable-threads=posix --enable-plugin --with-pkgversion='Anaconda gcc' --enable-libmpx
Thread model: posix
Supported LTO compression algorithms: zlib
gcc version 11.2.0 (Anaconda gcc) 
COMPILER_PATH=/home/shuren/.conda/envs/shuren_env3.9/bin/../libexec/gcc/x86_64-conda-linux-gnu/11.2.0/:/home/shuren/.conda/envs/shuren_env3.9/bin/../libexec/gcc/:/home/shuren/.conda/envs/shuren_env3.9/bin/../lib/gcc/x86_64-conda-linux-gnu/11.2.0/../../../../x86_64-conda-linux-gnu/bin/
LIBRARY_PATH=/home/shuren/.conda/envs/shuren_env3.9/bin/../lib/gcc/x86_64-conda-linux-gnu/11.2.0/:/home/shuren/.conda/envs/shuren_env3.9/bin/../lib/gcc/:/home/shuren/.conda/envs/shuren_env3.9/bin/../lib/gcc/x86_64-conda-linux-gnu/11.2.0/../../../../x86_64-conda-linux-gnu/lib/../lib64/:/home/shuren/.conda/envs/shuren_env3.9/bin/../x86_64-conda-linux-gnu/sysroot/lib/../lib64/:/home/shuren/.conda/envs/shuren_env3.9/bin/../x86_64-conda-linux-gnu/sysroot/usr/lib/../lib64/:/home/shuren/.conda/envs/shuren_env3.9/bin/../lib/gcc/x86_64-conda-linux-gnu/11.2.0/../../../../x86_64-conda-linux-gnu/lib/:/home/shuren/.conda/envs/shuren_env3.9/bin/../x86_64-conda-linux-gnu/sysroot/lib/:/home/shuren/.conda/envs/shuren_env3.9/bin/../x86_64-conda-linux-gnu/sysroot/usr/lib/
COLLECT_GCC_OPTIONS='-march=nocona' '-mtune=haswell' '-ftree-vectorize' '-fPIC' '-fstack-protector-strong' '-fno-plt' '-O2' '-ffunction-sections' '-pipe' '-isystem' '/home/shuren/.conda/envs/shuren_env3.9/include' '-L/home/shuren/.conda/envs/shuren_env3.9/lib' '-v' '-rdynamic' '-o' 'cmTC_586d8' '-dumpdir' 'cmTC_586d8.'
 /home/shuren/.conda/envs/shuren_env3.9/bin/../libexec/gcc/x86_64-conda-linux-gnu/11.2.0/collect2 -plugin /home/shuren/.conda/envs/shuren_env3.9/bin/../libexec/gcc/x86_64-conda-linux-gnu/11.2.0/liblto_plugin.so -plugin-opt=/home/shuren/.conda/envs/shuren_env3.9/bin/../libexec/gcc/x86_64-conda-linux-gnu/11.2.0/lto-wrapper -plugin-opt=-fresolution=/tmp/ccGBpTT0.res -plugin-opt=-pass-through=-lgcc -plugin-opt=-pass-through=-lgcc_s -plugin-opt=-pass-through=-lc -plugin-opt=-pass-through=-lgcc -plugin-opt=-pass-through=-lgcc_s --sysroot=/home/shuren/.conda/envs/shuren_env3.9/bin/../x86_64-conda-linux-gnu/sysroot --eh-frame-hdr -m elf_x86_64 -export-dynamic -dynamic-linker /lib64/ld-linux-x86-64.so.2 -o cmTC_586d8 /home/shuren/.conda/envs/shuren_env3.9/bin/../x86_64-conda-linux-gnu/sysroot/usr/lib/../lib64/crt1.o /home/shuren/.conda/envs/shuren_env3.9/bin/../x86_64-conda-linux-gnu/sysroot/usr/lib/../lib64/crti.o /home/shuren/.conda/envs/shuren_env3.9/bin/../lib/gcc/x86_64-conda-linux-gnu/11.2.0/crtbegin.o -L/home/shuren/.conda/envs/shuren_env3.9/lib -L/home/shuren/.conda/envs/shuren_env3.9/bin/../lib/gcc/x86_64-conda-linux-gnu/11.2.0 -L/home/shuren/.conda/envs/shuren_env3.9/bin/../lib/gcc -L/home/shuren/.conda/envs/shuren_env3.9/bin/../lib/gcc/x86_64-conda-linux-gnu/11.2.0/../../../../x86_64-conda-linux-gnu/lib/../lib64 -L/home/shuren/.conda/envs/shuren_env3.9/bin/../x86_64-conda-linux-gnu/sysroot/lib/../lib64 -L/home/shuren/.conda/envs/shuren_env3.9/bin/../x86_64-conda-linux-gnu/sysroot/usr/lib/../lib64 -L/home/shuren/.conda/envs/shuren_env3.9/bin/../lib/gcc/x86_64-conda-linux-gnu/11.2.0/../../../../x86_64-conda-linux-gnu/lib -L/home/shuren/.conda/envs/shuren_env3.9/bin/../x86_64-conda-linux-gnu/sysroot/lib -L/home/shuren/.conda/envs/shuren_env3.9/bin/../x86_64-conda-linux-gnu/sysroot/usr/lib -rpath /home/shuren/.conda/envs/shuren_env3.9/lib -O2 --sort-common --as-needed -z relro -z now --disable-new-dtags --gc-sections -rpath /home/shuren/.conda/envs/shuren_env3.9/lib -rpath-link /home/shuren/.conda/envs/shuren_env3.9/lib CMakeFiles/cmTC_586d8.dir/CMakeCCompilerABI.c.o -lgcc --push-state --as-needed -lgcc_s --pop-state -lc -lgcc --push-state --as-needed -lgcc_s --pop-state /home/shuren/.conda/envs/shuren_env3.9/bin/../lib/gcc/x86_64-conda-linux-gnu/11.2.0/crtend.o /home/shuren/.conda/envs/shuren_env3.9/bin/../x86_64-conda-linux-gnu/sysroot/usr/lib/../lib64/crtn.o
COLLECT_GCC_OPTIONS='-march=nocona' '-mtune=haswell' '-ftree-vectorize' '-fPIC' '-fstack-protector-strong' '-fno-plt' '-O2' '-ffunction-sections' '-pipe' '-isystem' '/home/shuren/.conda/envs/shuren_env3.9/include' '-L/home/shuren/.conda/envs/shuren_env3.9/lib' '-v' '-rdynamic' '-o' 'cmTC_586d8' '-dumpdir' 'cmTC_586d8.'
gmake[1]: Leaving directory `/home/shuren/Code/pyDTFE/src/build/CMakeFiles/CMakeScratch/TryCompile-K7YYrR'



Parsed C implicit include dir info from above output: rv=done
  found start of include info
  found start of implicit include info
    add: [/opt/boost_1_73_0/include]
    add: [/opt/compiler/gcc-11.3.0/include]
    add: [/home/shuren/.conda/envs/shuren_env3.9/include]
    add: [/home/shuren/.conda/envs/shuren_env3.9/bin/../lib/gcc/x86_64-conda-linux-gnu/11.2.0/include]
    add: [/home/shuren/.conda/envs/shuren_env3.9/bin/../lib/gcc/x86_64-conda-linux-gnu/11.2.0/include-fixed]
    add: [/home/shuren/.conda/envs/shuren_env3.9/bin/../x86_64-conda-linux-gnu/sysroot/usr/include]
  end of search list found
  collapse include dir [/opt/boost_1_73_0/include] ==> [/opt/boost_1_73_0/include]
  collapse include dir [/opt/compiler/gcc-11.3.0/include] ==> [/opt/compiler/gcc-11.3.0/include]
  collapse include dir [/home/shuren/.conda/envs/shuren_env3.9/include] ==> [/home/shuren/.conda/envs/shuren_env3.9/include]
  collapse include dir [/home/shuren/.conda/envs/shuren_env3.9/bin/../lib/gcc/x86_64-conda-linux-gnu/11.2.0/include] ==> [/home/shuren/.conda/envs/shuren_env3.9/lib/gcc/x86_64-conda-linux-gnu/11.2.0/include]
  collapse include dir [/home/shuren/.conda/envs/shuren_env3.9/bin/../lib/gcc/x86_64-conda-linux-gnu/11.2.0/include-fixed] ==> [/home/shuren/.conda/envs/shuren_env3.9/lib/gcc/x86_64-conda-linux-gnu/11.2.0/include-fixed]
  collapse include dir [/home/shuren/.conda/envs/shuren_env3.9/bin/../x86_64-conda-linux-gnu/sysroot/usr/include] ==> [/home/shuren/.conda/envs/shuren_env3.9/x86_64-conda-linux-gnu/sysroot/usr/include]
  implicit include dirs: [/opt/boost_1_73_0/include;/opt/compiler/gcc-11.3.0/include;/home/shuren/.conda/envs/shuren_env3.9/include;/home/shuren/.conda/envs/shuren_env3.9/lib/gcc/x86_64-conda-linux-gnu/11.2.0/include;/home/shuren/.conda/envs/shuren_env3.9/lib/gcc/x86_64-conda-linux-gnu/11.2.0/include-fixed;/home/shuren/.conda/envs/shuren_env3.9/x86_64-conda-linux-gnu/sysroot/usr/include]


Parsed C implicit link information from above output:
  link line regex: [^( *|.*[/\])(x86_64-conda-linux-gnu-ld|CMAKE_LINK_STARTFILE-NOTFOUND|([^/\]+-)?ld|collect2)[^/\]*( |$)]
  ignore line: [Change Dir: /home/shuren/Code/pyDTFE/src/build/CMakeFiles/CMakeScratch/TryCompile-K7YYrR]
  ignore line: []
  ignore line: [Run Build Command(s):/usr/bin/gmake -f Makefile cmTC_586d8/fast && /usr/bin/gmake  -f CMakeFiles/cmTC_586d8.dir/build.make CMakeFiles/cmTC_586d8.dir/build]
  ignore line: [gmake[1]: Entering directory `/home/shuren/Code/pyDTFE/src/build/CMakeFiles/CMakeScratch/TryCompile-K7YYrR']
  ignore line: [Building C object CMakeFiles/cmTC_586d8.dir/CMakeCCompilerABI.c.o]
  ignore line: [/home/shuren/.conda/envs/shuren_env3.9/bin/x86_64-conda-linux-gnu-cc   -march=nocona -mtune=haswell -ftree-vectorize -fPIC -fstack-protector-strong -fno-plt -O2 -ffunction-sections -pipe -isystem /home/shuren/.conda/envs/shuren_env3.9/include    -v -o CMakeFiles/cmTC_586d8.dir/CMakeCCompilerABI.c.o -c /opt/compiler/cmake-3.25.1/share/cmake-3.25/Modules/CMakeCCompilerABI.c]
  ignore line: [Reading specs from /home/shuren/.conda/envs/shuren_env3.9/bin/../lib/gcc/x86_64-conda-linux-gnu/11.2.0/specs]
  ignore line: [COLLECT_GCC=/home/shuren/.conda/envs/shuren_env3.9/bin/x86_64-conda-linux-gnu-cc]
  ignore line: [Target: x86_64-conda-linux-gnu]
  ignore line: [Configured with: /opt/conda/conda-bld/gcc-compiler_1654084175708/work/gcc/configure --build=x86_64-build_conda-linux-gnu --host=x86_64-build_conda-linux-gnu --target=x86_64-conda-linux-gnu --prefix=/opt/conda/conda-bld/gcc-compiler_1654084175708/work/gcc_built --exec_prefix=/opt/conda/conda-bld/gcc-compiler_1654084175708/work/gcc_built --with-sysroot=/opt/conda/conda-bld/gcc-compiler_1654084175708/work/gcc_built/x86_64-conda-linux-gnu/sysroot --with-local-prefix=/opt/conda/conda-bld/gcc-compiler_1654084175708/work/gcc_built/x86_64-conda-linux-gnu/sysroot --enable-long-long --disable-multilib --disable-nls --with-gmp=/opt/conda/conda-bld/gcc-compiler_1654084175708/work/buildtools --with-mpfr=/opt/conda/conda-bld/gcc-compiler_1654084175708/work/buildtools --with-mpc=/opt/conda/conda-bld/gcc-compiler_1654084175708/work/buildtools --with-isl=/opt/conda/conda-bld/gcc-compiler_1654084175708/work/buildtools --without-zstd --enable-languages=c c++ fortran objc obj-c++ --enable-__cxa_atexit --disable-libmudflap --enable-libgomp --enable-libquadmath --enable-libquadmath-support --enable-libsanitizer --disable-libstdcxx-verbose --enable-lto --enable-libcc1 --enable-threads=posix --enable-plugin --with-pkgversion='Anaconda gcc' --enable-libmpx]
  ignore line: [Thread model: posix]
  ignore line: [Supported LTO compression algorithms: zlib]
  ignore line: [gcc version 11.2.0 (Anaconda gcc) ]
  ignore line: [COLLECT_GCC_OPTIONS='-march=nocona' '-mtune=haswell' '-ftree-vectorize' '-fPIC' '-fstack-protector-strong' '-fno-plt' '-O2' '-ffunction-sections' '-pipe' '-isystem' '/home/shuren/.conda/envs/shuren_env3.9/include' '-v' '-o' 'CMakeFiles/cmTC_586d8.dir/CMakeCCompilerABI.c.o' '-c' '-dumpdir' 'CMakeFiles/cmTC_586d8.dir/']
  ignore line: [ /home/shuren/.conda/envs/shuren_env3.9/bin/../libexec/gcc/x86_64-conda-linux-gnu/11.2.0/cc1 -quiet -v -iprefix /home/shuren/.conda/envs/shuren_env3.9/bin/../lib/gcc/x86_64-conda-linux-gnu/11.2.0/ -isysroot /home/shuren/.conda/envs/shuren_env3.9/bin/../x86_64-conda-linux-gnu/sysroot -isystem /home/shuren/.conda/envs/shuren_env3.9/include /opt/compiler/cmake-3.25.1/share/cmake-3.25/Modules/CMakeCCompilerABI.c -quiet -dumpdir CMakeFiles/cmTC_586d8.dir/ -dumpbase CMakeCCompilerABI.c.c -dumpbase-ext .c -march=nocona -mtune=haswell -O2 -version -ftree-vectorize -fPIC -fstack-protector-strong -fno-plt -ffunction-sections -o - |]
  ignore line: [ /home/shuren/.conda/envs/shuren_env3.9/bin/../lib/gcc/x86_64-conda-linux-gnu/11.2.0/../../../../x86_64-conda-linux-gnu/bin/as -v --64 -o CMakeFiles/cmTC_586d8.dir/CMakeCCompilerABI.c.o]
  ignore line: [GNU assembler version 2.38 (x86_64-conda-linux-gnu) using BFD version (Anaconda binutils) 2.38]
  ignore line: [GNU C17 (Anaconda gcc) version 11.2.0 (x86_64-conda-linux-gnu)]
  ignore line: [	compiled by GNU C version 11.2.0  GMP version 6.2.1  MPFR version 4.1.0  MPC version 1.2.1  isl version isl-0.24-GMP]
  ignore line: []
  ignore line: [GGC heuristics: --param ggc-min-expand=100 --param ggc-min-heapsize=131072]
  ignore line: [ignoring nonexistent directory "/home/shuren/.conda/envs/shuren_env3.9/bin/../lib/gcc/x86_64-conda-linux-gnu/11.2.0/../../../../x86_64-conda-linux-gnu/include"]
  ignore line: [ignoring duplicate directory "/home/shuren/.conda/envs/shuren_env3.9/bin/../lib/gcc/../../lib/gcc/x86_64-conda-linux-gnu/11.2.0/include"]
  ignore line: [ignoring nonexistent directory "/home/shuren/.conda/envs/shuren_env3.9/bin/../x86_64-conda-linux-gnu/sysroot/opt/conda/conda-bld/gcc-compiler_1654084175708/work/gcc_built/x86_64-conda-linux-gnu/sysroot/include"]
  ignore line: [ignoring duplicate directory "/home/shuren/.conda/envs/shuren_env3.9/bin/../lib/gcc/../../lib/gcc/x86_64-conda-linux-gnu/11.2.0/include-fixed"]
  ignore line: [ignoring nonexistent directory "/home/shuren/.conda/envs/shuren_env3.9/bin/../lib/gcc/../../lib/gcc/x86_64-conda-linux-gnu/11.2.0/../../../../x86_64-conda-linux-gnu/include"]
  ignore line: [#include "..." search starts here:]
  ignore line: [#include <...> search starts here:]
  ignore line: [ /opt/boost_1_73_0/include]
  ignore line: [ /opt/compiler/gcc-11.3.0/include]
  ignore line: [ /home/shuren/.conda/envs/shuren_env3.9/include]
  ignore line: [ /home/shuren/.conda/envs/shuren_env3.9/bin/../lib/gcc/x86_64-conda-linux-gnu/11.2.0/include]
  ignore line: [ /home/shuren/.conda/envs/shuren_env3.9/bin/../lib/gcc/x86_64-conda-linux-gnu/11.2.0/include-fixed]
  ignore line: [ /home/shuren/.conda/envs/shuren_env3.9/bin/../x86_64-conda-linux-gnu/sysroot/usr/include]
  ignore line: [End of search list.]
  ignore line: [GNU C17 (Anaconda gcc) version 11.2.0 (x86_64-conda-linux-gnu)]
  ignore line: [	compiled by GNU C version 11.2.0  GMP version 6.2.1  MPFR version 4.1.0  MPC version 1.2.1  isl version isl-0.24-GMP]
  ignore line: []
  ignore line: [GGC heuristics: --param ggc-min-expand=100 --param ggc-min-heapsize=131072]
  ignore line: [Compiler executable checksum: e1e0bc17a565350666787f1586df2119]
  ignore line: [COMPILER_PATH=/home/shuren/.conda/envs/shuren_env3.9/bin/../libexec/gcc/x86_64-conda-linux-gnu/11.2.0/:/home/shuren/.conda/envs/shuren_env3.9/bin/../libexec/gcc/:/home/shuren/.conda/envs/shuren_env3.9/bin/../lib/gcc/x86_64-conda-linux-gnu/11.2.0/../../../../x86_64-conda-linux-gnu/bin/]
  ignore line: [LIBRARY_PATH=/home/shuren/.conda/envs/shuren_env3.9/bin/../lib/gcc/x86_64-conda-linux-gnu/11.2.0/:/home/shuren/.conda/envs/shuren_env3.9/bin/../lib/gcc/:/home/shuren/.conda/envs/shuren_env3.9/bin/../lib/gcc/x86_64-conda-linux-gnu/11.2.0/../../../../x86_64-conda-linux-gnu/lib/../lib64/:/home/shuren/.conda/envs/shuren_env3.9/bin/../x86_64-conda-linux-gnu/sysroot/lib/../lib64/:/home/shuren/.conda/envs/shuren_env3.9/bin/../x86_64-conda-linux-gnu/sysroot/usr/lib/../lib64/:/home/shuren/.conda/envs/shuren_env3.9/bin/../lib/gcc/x86_64-conda-linux-gnu/11.2.0/../../../../x86_64-conda-linux-gnu/lib/:/home/shuren/.conda/envs/shuren_env3.9/bin/../x86_64-conda-linux-gnu/sysroot/lib/:/home/shuren/.conda/envs/shuren_env3.9/bin/../x86_64-conda-linux-gnu/sysroot/usr/lib/]
  ignore line: [COLLECT_GCC_OPTIONS='-march=nocona' '-mtune=haswell' '-ftree-vectorize' '-fPIC' '-fstack-protector-strong' '-fno-plt' '-O2' '-ffunction-sections' '-pipe' '-isystem' '/home/shuren/.conda/envs/shuren_env3.9/include' '-v' '-o' 'CMakeFiles/cmTC_586d8.dir/CMakeCCompilerABI.c.o' '-c' '-dumpdir' 'CMakeFiles/cmTC_586d8.dir/CMakeCCompilerABI.c.']
  ignore line: [Linking C executable cmTC_586d8]
  ignore line: [/opt/compiler/cmake-3.25.1/bin/cmake -E cmake_link_script CMakeFiles/cmTC_586d8.dir/link.txt --verbose=1]
  ignore line: [/home/shuren/.conda/envs/shuren_env3.9/bin/x86_64-conda-linux-gnu-cc -march=nocona -mtune=haswell -ftree-vectorize -fPIC -fstack-protector-strong -fno-plt -O2 -ffunction-sections -pipe -isystem /home/shuren/.conda/envs/shuren_env3.9/include  -Wl -O2 -Wl --sort-common -Wl --as-needed -Wl -z relro -Wl -z now -Wl --disable-new-dtags -Wl --gc-sections -Wl -rpath /home/shuren/.conda/envs/shuren_env3.9/lib -Wl -rpath-link /home/shuren/.conda/envs/shuren_env3.9/lib -L/home/shuren/.conda/envs/shuren_env3.9/lib -v -rdynamic CMakeFiles/cmTC_586d8.dir/CMakeCCompilerABI.c.o -o cmTC_586d8 ]
  ignore line: [Reading specs from /home/shuren/.conda/envs/shuren_env3.9/bin/../lib/gcc/x86_64-conda-linux-gnu/11.2.0/specs]
  ignore line: [COLLECT_GCC=/home/shuren/.conda/envs/shuren_env3.9/bin/x86_64-conda-linux-gnu-cc]
  ignore line: [COLLECT_LTO_WRAPPER=/home/shuren/.conda/envs/shuren_env3.9/bin/../libexec/gcc/x86_64-conda-linux-gnu/11.2.0/lto-wrapper]
  ignore line: [Target: x86_64-conda-linux-gnu]
  ignore line: [Configured with: /opt/conda/conda-bld/gcc-compiler_1654084175708/work/gcc/configure --build=x86_64-build_conda-linux-gnu --host=x86_64-build_conda-linux-gnu --target=x86_64-conda-linux-gnu --prefix=/opt/conda/conda-bld/gcc-compiler_1654084175708/work/gcc_built --exec_prefix=/opt/conda/conda-bld/gcc-compiler_1654084175708/work/gcc_built --with-sysroot=/opt/conda/conda-bld/gcc-compiler_1654084175708/work/gcc_built/x86_64-conda-linux-gnu/sysroot --with-local-prefix=/opt/conda/conda-bld/gcc-compiler_1654084175708/work/gcc_built/x86_64-conda-linux-gnu/sysroot --enable-long-long --disable-multilib --disable-nls --with-gmp=/opt/conda/conda-bld/gcc-compiler_1654084175708/work/buildtools --with-mpfr=/opt/conda/conda-bld/gcc-compiler_1654084175708/work/buildtools --with-mpc=/opt/conda/conda-bld/gcc-compiler_1654084175708/work/buildtools --with-isl=/opt/conda/conda-bld/gcc-compiler_1654084175708/work/buildtools --without-zstd --enable-languages=c c++ fortran objc obj-c++ --enable-__cxa_atexit --disable-libmudflap --enable-libgomp --enable-libquadmath --enable-libquadmath-support --enable-libsanitizer --disable-libstdcxx-verbose --enable-lto --enable-libcc1 --enable-threads=posix --enable-plugin --with-pkgversion='Anaconda gcc' --enable-libmpx]
  ignore line: [Thread model: posix]
  ignore line: [Supported LTO compression algorithms: zlib]
  ignore line: [gcc version 11.2.0 (Anaconda gcc) ]
  ignore line: [COMPILER_PATH=/home/shuren/.conda/envs/shuren_env3.9/bin/../libexec/gcc/x86_64-conda-linux-gnu/11.2.0/:/home/shuren/.conda/envs/shuren_env3.9/bin/../libexec/gcc/:/home/shuren/.conda/envs/shuren_env3.9/bin/../lib/gcc/x86_64-conda-linux-gnu/11.2.0/../../../../x86_64-conda-linux-gnu/bin/]
  ignore line: [LIBRARY_PATH=/home/shuren/.conda/envs/shuren_env3.9/bin/../lib/gcc/x86_64-conda-linux-gnu/11.2.0/:/home/shuren/.conda/envs/shuren_env3.9/bin/../lib/gcc/:/home/shuren/.conda/envs/shuren_env3.9/bin/../lib/gcc/x86_64-conda-linux-gnu/11.2.0/../../../../x86_64-conda-linux-gnu/lib/../lib64/:/home/shuren/.conda/envs/shuren_env3.9/bin/../x86_64-conda-linux-gnu/sysroot/lib/../lib64/:/home/shuren/.conda/envs/shuren_env3.9/bin/../x86_64-conda-linux-gnu/sysroot/usr/lib/../lib64/:/home/shuren/.conda/envs/shuren_env3.9/bin/../lib/gcc/x86_64-conda-linux-gnu/11.2.0/../../../../x86_64-conda-linux-gnu/lib/:/home/shuren/.conda/envs/shuren_env3.9/bin/../x86_64-conda-linux-gnu/sysroot/lib/:/home/shuren/.conda/envs/shuren_env3.9/bin/../x86_64-conda-linux-gnu/sysroot/usr/lib/]
  ignore line: [COLLECT_GCC_OPTIONS='-march=nocona' '-mtune=haswell' '-ftree-vectorize' '-fPIC' '-fstack-protector-strong' '-fno-plt' '-O2' '-ffunction-sections' '-pipe' '-isystem' '/home/shuren/.conda/envs/shuren_env3.9/include' '-L/home/shuren/.conda/envs/shuren_env3.9/lib' '-v' '-rdynamic' '-o' 'cmTC_586d8' '-dumpdir' 'cmTC_586d8.']
  link line: [ /home/shuren/.conda/envs/shuren_env3.9/bin/../libexec/gcc/x86_64-conda-linux-gnu/11.2.0/collect2 -plugin /home/shuren/.conda/envs/shuren_env3.9/bin/../libexec/gcc/x86_64-conda-linux-gnu/11.2.0/liblto_plugin.so -plugin-opt=/home/shuren/.conda/envs/shuren_env3.9/bin/../libexec/gcc/x86_64-conda-linux-gnu/11.2.0/lto-wrapper -plugin-opt=-fresolution=/tmp/ccGBpTT0.res -plugin-opt=-pass-through=-lgcc -plugin-opt=-pass-through=-lgcc_s -plugin-opt=-pass-through=-lc -plugin-opt=-pass-through=-lgcc -plugin-opt=-pass-through=-lgcc_s --sysroot=/home/shuren/.conda/envs/shuren_env3.9/bin/../x86_64-conda-linux-gnu/sysroot --eh-frame-hdr -m elf_x86_64 -export-dynamic -dynamic-linker /lib64/ld-linux-x86-64.so.2 -o cmTC_586d8 /home/shuren/.conda/envs/shuren_env3.9/bin/../x86_64-conda-linux-gnu/sysroot/usr/lib/../lib64/crt1.o /home/shuren/.conda/envs/shuren_env3.9/bin/../x86_64-conda-linux-gnu/sysroot/usr/lib/../lib64/crti.o /home/shuren/.conda/envs/shuren_env3.9/bin/../lib/gcc/x86_64-conda-linux-gnu/11.2.0/crtbegin.o -L/home/shuren/.conda/envs/shuren_env3.9/lib -L/home/shuren/.conda/envs/shuren_env3.9/bin/../lib/gcc/x86_64-conda-linux-gnu/11.2.0 -L/home/shuren/.conda/envs/shuren_env3.9/bin/../lib/gcc -L/home/shuren/.conda/envs/shuren_env3.9/bin/../lib/gcc/x86_64-conda-linux-gnu/11.2.0/../../../../x86_64-conda-linux-gnu/lib/../lib64 -L/home/shuren/.conda/envs/shuren_env3.9/bin/../x86_64-conda-linux-gnu/sysroot/lib/../lib64 -L/home/shuren/.conda/envs/shuren_env3.9/bin/../x86_64-conda-linux-gnu/sysroot/usr/lib/../lib64 -L/home/shuren/.conda/envs/shuren_env3.9/bin/../lib/gcc/x86_64-conda-linux-gnu/11.2.0/../../../../x86_64-conda-linux-gnu/lib -L/home/shuren/.conda/envs/shuren_env3.9/bin/../x86_64-conda-linux-gnu/sysroot/lib -L/home/shuren/.conda/envs/shuren_env3.9/bin/../x86_64-conda-linux-gnu/sysroot/usr/lib -rpath /home/shuren/.conda/envs/shuren_env3.9/lib -O2 --sort-common --as-needed -z relro -z now --disable-new-dtags --gc-sections -rpath /home/shuren/.conda/envs/shuren_env3.9/lib -rpath-link /home/shuren/.conda/envs/shuren_env3.9/lib CMakeFiles/cmTC_586d8.dir/CMakeCCompilerABI.c.o -lgcc --push-state --as-needed -lgcc_s --pop-state -lc -lgcc --push-state --as-needed -lgcc_s --pop-state /home/shuren/.conda/envs/shuren_env3.9/bin/../lib/gcc/x86_64-conda-linux-gnu/11.2.0/crtend.o /home/shuren/.conda/envs/shuren_env3.9/bin/../x86_64-conda-linux-gnu/sysroot/usr/lib/../lib64/crtn.o]
    arg [/home/shuren/.conda/envs/shuren_env3.9/bin/../libexec/gcc/x86_64-conda-linux-gnu/11.2.0/collect2] ==> ignore
    arg [-plugin] ==> ignore
    arg [/home/shuren/.conda/envs/shuren_env3.9/bin/../libexec/gcc/x86_64-conda-linux-gnu/11.2.0/liblto_plugin.so] ==> ignore
    arg [-plugin-opt=/home/shuren/.conda/envs/shuren_env3.9/bin/../libexec/gcc/x86_64-conda-linux-gnu/11.2.0/lto-wrapper] ==> ignore
    arg [-plugin-opt=-fresolution=/tmp/ccGBpTT0.res] ==> ignore
    arg [-plugin-opt=-pass-through=-lgcc] ==> ignore
    arg [-plugin-opt=-pass-through=-lgcc_s] ==> ignore
    arg [-plugin-opt=-pass-through=-lc] ==> ignore
    arg [-plugin-opt=-pass-through=-lgcc] ==> ignore
    arg [-plugin-opt=-pass-through=-lgcc_s] ==> ignore
    arg [--sysroot=/home/shuren/.conda/envs/shuren_env3.9/bin/../x86_64-conda-linux-gnu/sysroot] ==> ignore
    arg [--eh-frame-hdr] ==> ignore
    arg [-m] ==> ignore
    arg [elf_x86_64] ==> ignore
    arg [-export-dynamic] ==> ignore
    arg [-dynamic-linker] ==> ignore
    arg [/lib64/ld-linux-x86-64.so.2] ==> ignore
    arg [-o] ==> ignore
    arg [cmTC_586d8] ==> ignore
    arg [/home/shuren/.conda/envs/shuren_env3.9/bin/../x86_64-conda-linux-gnu/sysroot/usr/lib/../lib64/crt1.o] ==> obj [/home/shuren/.conda/envs/shuren_env3.9/bin/../x86_64-conda-linux-gnu/sysroot/usr/lib/../lib64/crt1.o]
    arg [/home/shuren/.conda/envs/shuren_env3.9/bin/../x86_64-conda-linux-gnu/sysroot/usr/lib/../lib64/crti.o] ==> obj [/home/shuren/.conda/envs/shuren_env3.9/bin/../x86_64-conda-linux-gnu/sysroot/usr/lib/../lib64/crti.o]
    arg [/home/shuren/.conda/envs/shuren_env3.9/bin/../lib/gcc/x86_64-conda-linux-gnu/11.2.0/crtbegin.o] ==> obj [/home/shuren/.conda/envs/shuren_env3.9/bin/../lib/gcc/x86_64-conda-linux-gnu/11.2.0/crtbegin.o]
    arg [-L/home/shuren/.conda/envs/shuren_env3.9/lib] ==> dir [/home/shuren/.conda/envs/shuren_env3.9/lib]
    arg [-L/home/shuren/.conda/envs/shuren_env3.9/bin/../lib/gcc/x86_64-conda-linux-gnu/11.2.0] ==> dir [/home/shuren/.conda/envs/shuren_env3.9/bin/../lib/gcc/x86_64-conda-linux-gnu/11.2.0]
    arg [-L/home/shuren/.conda/envs/shuren_env3.9/bin/../lib/gcc] ==> dir [/home/shuren/.conda/envs/shuren_env3.9/bin/../lib/gcc]
    arg [-L/home/shuren/.conda/envs/shuren_env3.9/bin/../lib/gcc/x86_64-conda-linux-gnu/11.2.0/../../../../x86_64-conda-linux-gnu/lib/../lib64] ==> dir [/home/shuren/.conda/envs/shuren_env3.9/bin/../lib/gcc/x86_64-conda-linux-gnu/11.2.0/../../../../x86_64-conda-linux-gnu/lib/../lib64]
    arg [-L/home/shuren/.conda/envs/shuren_env3.9/bin/../x86_64-conda-linux-gnu/sysroot/lib/../lib64] ==> dir [/home/shuren/.conda/envs/shuren_env3.9/bin/../x86_64-conda-linux-gnu/sysroot/lib/../lib64]
    arg [-L/home/shuren/.conda/envs/shuren_env3.9/bin/../x86_64-conda-linux-gnu/sysroot/usr/lib/../lib64] ==> dir [/home/shuren/.conda/envs/shuren_env3.9/bin/../x86_64-conda-linux-gnu/sysroot/usr/lib/../lib64]
    arg [-L/home/shuren/.conda/envs/shuren_env3.9/bin/../lib/gcc/x86_64-conda-linux-gnu/11.2.0/../../../../x86_64-conda-linux-gnu/lib] ==> dir [/home/shuren/.conda/envs/shuren_env3.9/bin/../lib/gcc/x86_64-conda-linux-gnu/11.2.0/../../../../x86_64-conda-linux-gnu/lib]
    arg [-L/home/shuren/.conda/envs/shuren_env3.9/bin/../x86_64-conda-linux-gnu/sysroot/lib] ==> dir [/home/shuren/.conda/envs/shuren_env3.9/bin/../x86_64-conda-linux-gnu/sysroot/lib]
    arg [-L/home/shuren/.conda/envs/shuren_env3.9/bin/../x86_64-conda-linux-gnu/sysroot/usr/lib] ==> dir [/home/shuren/.conda/envs/shuren_env3.9/bin/../x86_64-conda-linux-gnu/sysroot/usr/lib]
    arg [-rpath] ==> ignore
    arg [/home/shuren/.conda/envs/shuren_env3.9/lib] ==> ignore
    arg [-O2] ==> ignore
    arg [--sort-common] ==> ignore
    arg [--as-needed] ==> ignore
    arg [-zrelro] ==> ignore
    arg [-znow] ==> ignore
    arg [--disable-new-dtags] ==> ignore
    arg [--gc-sections] ==> ignore
    arg [-rpath] ==> ignore
    arg [/home/shuren/.conda/envs/shuren_env3.9/lib] ==> ignore
    arg [-rpath-link] ==> ignore
    arg [/home/shuren/.conda/envs/shuren_env3.9/lib] ==> ignore
    arg [CMakeFiles/cmTC_586d8.dir/CMakeCCompilerABI.c.o] ==> ignore
    arg [-lgcc] ==> lib [gcc]
    arg [--push-state] ==> ignore
    arg [--as-needed] ==> ignore
    arg [-lgcc_s] ==> lib [gcc_s]
    arg [--pop-state] ==> ignore
    arg [-lc] ==> lib [c]
    arg [-lgcc] ==> lib [gcc]
    arg [--push-state] ==> ignore
    arg [--as-needed] ==> ignore
    arg [-lgcc_s] ==> lib [gcc_s]
    arg [--pop-state] ==> ignore
    arg [/home/shuren/.conda/envs/shuren_env3.9/bin/../lib/gcc/x86_64-conda-linux-gnu/11.2.0/crtend.o] ==> obj [/home/shuren/.conda/envs/shuren_env3.9/bin/../lib/gcc/x86_64-conda-linux-gnu/11.2.0/crtend.o]
    arg [/home/shuren/.conda/envs/shuren_env3.9/bin/../x86_64-conda-linux-gnu/sysroot/usr/lib/../lib64/crtn.o] ==> obj [/home/shuren/.conda/envs/shuren_env3.9/bin/../x86_64-conda-linux-gnu/sysroot/usr/lib/../lib64/crtn.o]
  collapse obj [/home/shuren/.conda/envs/shuren_env3.9/bin/../x86_64-conda-linux-gnu/sysroot/usr/lib/../lib64/crt1.o] ==> [/home/shuren/.conda/envs/shuren_env3.9/x86_64-conda-linux-gnu/sysroot/usr/lib64/crt1.o]
  collapse obj [/home/shuren/.conda/envs/shuren_env3.9/bin/../x86_64-conda-linux-gnu/sysroot/usr/lib/../lib64/crti.o] ==> [/home/shuren/.conda/envs/shuren_env3.9/x86_64-conda-linux-gnu/sysroot/usr/lib64/crti.o]
  collapse obj [/home/shuren/.conda/envs/shuren_env3.9/bin/../lib/gcc/x86_64-conda-linux-gnu/11.2.0/crtbegin.o] ==> [/home/shuren/.conda/envs/shuren_env3.9/lib/gcc/x86_64-conda-linux-gnu/11.2.0/crtbegin.o]
  collapse obj [/home/shuren/.conda/envs/shuren_env3.9/bin/../lib/gcc/x86_64-conda-linux-gnu/11.2.0/crtend.o] ==> [/home/shuren/.conda/envs/shuren_env3.9/lib/gcc/x86_64-conda-linux-gnu/11.2.0/crtend.o]
  collapse obj [/home/shuren/.conda/envs/shuren_env3.9/bin/../x86_64-conda-linux-gnu/sysroot/usr/lib/../lib64/crtn.o] ==> [/home/shuren/.conda/envs/shuren_env3.9/x86_64-conda-linux-gnu/sysroot/usr/lib64/crtn.o]
  collapse library dir [/home/shuren/.conda/envs/shuren_env3.9/lib] ==> [/home/shuren/.conda/envs/shuren_env3.9/lib]
  collapse library dir [/home/shuren/.conda/envs/shuren_env3.9/bin/../lib/gcc/x86_64-conda-linux-gnu/11.2.0] ==> [/home/shuren/.conda/envs/shuren_env3.9/lib/gcc/x86_64-conda-linux-gnu/11.2.0]
  collapse library dir [/home/shuren/.conda/envs/shuren_env3.9/bin/../lib/gcc] ==> [/home/shuren/.conda/envs/shuren_env3.9/lib/gcc]
  collapse library dir [/home/shuren/.conda/envs/shuren_env3.9/bin/../lib/gcc/x86_64-conda-linux-gnu/11.2.0/../../../../x86_64-conda-linux-gnu/lib/../lib64] ==> [/home/shuren/.conda/envs/shuren_env3.9/x86_64-conda-linux-gnu/lib64]
  collapse library dir [/home/shuren/.conda/envs/shuren_env3.9/bin/../x86_64-conda-linux-gnu/sysroot/lib/../lib64] ==> [/home/shuren/.conda/envs/shuren_env3.9/x86_64-conda-linux-gnu/sysroot/lib64]
  collapse library dir [/home/shuren/.conda/envs/shuren_env3.9/bin/../x86_64-conda-linux-gnu/sysroot/usr/lib/../lib64] ==> [/home/shuren/.conda/envs/shuren_env3.9/x86_64-conda-linux-gnu/sysroot/usr/lib64]
  collapse library dir [/home/shuren/.conda/envs/shuren_env3.9/bin/../lib/gcc/x86_64-conda-linux-gnu/11.2.0/../../../../x86_64-conda-linux-gnu/lib] ==> [/home/shuren/.conda/envs/shuren_env3.9/x86_64-conda-linux-gnu/lib]
  collapse library dir [/home/shuren/.conda/envs/shuren_env3.9/bin/../x86_64-conda-linux-gnu/sysroot/lib] ==> [/home/shuren/.conda/envs/shuren_env3.9/x86_64-conda-linux-gnu/sysroot/lib]
  collapse library dir [/home/shuren/.conda/envs/shuren_env3.9/bin/../x86_64-conda-linux-gnu/sysroot/usr/lib] ==> [/home/shuren/.conda/envs/shuren_env3.9/x86_64-conda-linux-gnu/sysroot/usr/lib]
  implicit libs: [gcc;gcc_s;c;gcc;gcc_s]
  implicit objs: [/home/shuren/.conda/envs/shuren_env3.9/x86_64-conda-linux-gnu/sysroot/usr/lib64/crt1.o;/home/shuren/.conda/envs/shuren_env3.9/x86_64-conda-linux-gnu/sysroot/usr/lib64/crti.o;/home/shuren/.conda/envs/shuren_env3.9/lib/gcc/x86_64-conda-linux-gnu/11.2.0/crtbegin.o;/home/shuren/.conda/envs/shuren_env3.9/lib/gcc/x86_64-conda-linux-gnu/11.2.0/crtend.o;/home/shuren/.conda/envs/shuren_env3.9/x86_64-conda-linux-gnu/sysroot/usr/lib64/crtn.o]
  implicit dirs: [/home/shuren/.conda/envs/shuren_env3.9/lib;/home/shuren/.conda/envs/shuren_env3.9/lib/gcc/x86_64-conda-linux-gnu/11.2.0;/home/shuren/.conda/envs/shuren_env3.9/lib/gcc;/home/shuren/.conda/envs/shuren_env3.9/x86_64-conda-linux-gnu/lib64;/home/shuren/.conda/envs/shuren_env3.9/x86_64-conda-linux-gnu/sysroot/lib64;/home/shuren/.conda/envs/shuren_env3.9/x86_64-conda-linux-gnu/sysroot/usr/lib64;/home/shuren/.conda/envs/shuren_env3.9/x86_64-conda-linux-gnu/lib;/home/shuren/.conda/envs/shuren_env3.9/x86_64-conda-linux-gnu/sysroot/lib;/home/shuren/.conda/envs/shuren_env3.9/x86_64-conda-linux-gnu/sysroot/usr/lib]
  implicit fwks: []


Detecting CXX compiler ABI info compiled with the following output:
Change Dir: /home/shuren/Code/pyDTFE/src/build/CMakeFiles/CMakeScratch/TryCompile-k2HkV4

Run Build Command(s):/usr/bin/gmake -f Makefile cmTC_292ec/fast && /usr/bin/gmake  -f CMakeFiles/cmTC_292ec.dir/build.make CMakeFiles/cmTC_292ec.dir/build
gmake[1]: Entering directory `/home/shuren/Code/pyDTFE/src/build/CMakeFiles/CMakeScratch/TryCompile-k2HkV4'
Building CXX object CMakeFiles/cmTC_292ec.dir/CMakeCXXCompilerABI.cpp.o
/opt/compiler/gcc-11.3.0/bin/c++   -v -o CMakeFiles/cmTC_292ec.dir/CMakeCXXCompilerABI.cpp.o -c /opt/compiler/cmake-3.25.1/share/cmake-3.25/Modules/CMakeCXXCompilerABI.cpp
Using built-in specs.
COLLECT_GCC=/opt/compiler/gcc-11.3.0/bin/c++
Target: x86_64-pc-linux-gnu
Configured with: ../configure --prefix=/opt/compiler/gcc-11.3.0 --disable-multilib --with-system-zlib --enable-languages=c,c++,fortran,go,objc,obj-c++
Thread model: posix
Supported LTO compression algorithms: zlib
gcc version 11.3.0 (GCC) 
COLLECT_GCC_OPTIONS='-v' '-o' 'CMakeFiles/cmTC_292ec.dir/CMakeCXXCompilerABI.cpp.o' '-c' '-shared-libgcc' '-mtune=generic' '-march=x86-64' '-dumpdir' 'CMakeFiles/cmTC_292ec.dir/'
 /opt/compiler/gcc-11.3.0/libexec/gcc/x86_64-pc-linux-gnu/11.3.0/cc1plus -quiet -v -D_GNU_SOURCE /opt/compiler/cmake-3.25.1/share/cmake-3.25/Modules/CMakeCXXCompilerABI.cpp -quiet -dumpdir CMakeFiles/cmTC_292ec.dir/ -dumpbase CMakeCXXCompilerABI.cpp.cpp -dumpbase-ext .cpp -mtune=generic -march=x86-64 -version -o /tmp/ccVPz11a.s
GNU C++17 (GCC) version 11.3.0 (x86_64-pc-linux-gnu)
	compiled by GNU C version 11.3.0, GMP version 6.1.0, MPFR version 3.1.6, MPC version 1.0.3, isl version isl-0.18-GMP

GGC heuristics: --param ggc-min-expand=100 --param ggc-min-heapsize=131072
ignoring nonexistent directory "/opt/compiler/gcc-11.3.0/lib/gcc/x86_64-pc-linux-gnu/11.3.0/../../../../x86_64-pc-linux-gnu/include"
ignoring duplicate directory "/opt/compiler/gcc-11.3.0/include"
  as it is a non-system directory that duplicates a system directory
#include "..." search starts here:
#include <...> search starts here:
 /opt/boost_1_73_0/include
 /opt/compiler/gcc-11.3.0/lib/gcc/x86_64-pc-linux-gnu/11.3.0/../../../../include/c++/11.3.0
 /opt/compiler/gcc-11.3.0/lib/gcc/x86_64-pc-linux-gnu/11.3.0/../../../../include/c++/11.3.0/x86_64-pc-linux-gnu
 /opt/compiler/gcc-11.3.0/lib/gcc/x86_64-pc-linux-gnu/11.3.0/../../../../include/c++/11.3.0/backward
 /opt/compiler/gcc-11.3.0/lib/gcc/x86_64-pc-linux-gnu/11.3.0/include
 /usr/local/include
 /opt/compiler/gcc-11.3.0/include
 /opt/compiler/gcc-11.3.0/lib/gcc/x86_64-pc-linux-gnu/11.3.0/include-fixed
 /usr/include
End of search list.
GNU C++17 (GCC) version 11.3.0 (x86_64-pc-linux-gnu)
	compiled by GNU C version 11.3.0, GMP version 6.1.0, MPFR version 3.1.6, MPC version 1.0.3, isl version isl-0.18-GMP

GGC heuristics: --param ggc-min-expand=100 --param ggc-min-heapsize=131072
Compiler executable checksum: 745d245c8367dbe100a5fcea8b1b5e65
COLLECT_GCC_OPTIONS='-v' '-o' 'CMakeFiles/cmTC_292ec.dir/CMakeCXXCompilerABI.cpp.o' '-c' '-shared-libgcc' '-mtune=generic' '-march=x86-64' '-dumpdir' 'CMakeFiles/cmTC_292ec.dir/'
 as -v --64 -o CMakeFiles/cmTC_292ec.dir/CMakeCXXCompilerABI.cpp.o /tmp/ccVPz11a.s
GNU assembler version 2.27 (x86_64-redhat-linux) using BFD version version 2.27-27.base.el7
COMPILER_PATH=/opt/compiler/gcc-11.3.0/libexec/gcc/x86_64-pc-linux-gnu/11.3.0/:/opt/compiler/gcc-11.3.0/libexec/gcc/x86_64-pc-linux-gnu/11.3.0/:/opt/compiler/gcc-11.3.0/libexec/gcc/x86_64-pc-linux-gnu/:/opt/compiler/gcc-11.3.0/lib/gcc/x86_64-pc-linux-gnu/11.3.0/:/opt/compiler/gcc-11.3.0/lib/gcc/x86_64-pc-linux-gnu/
LIBRARY_PATH=/opt/compiler/gcc-11.3.0/lib64/../lib64/:/opt/compiler/gcc-11.3.0/lib/gcc/x86_64-pc-linux-gnu/11.3.0/:/opt/compiler/gcc-11.3.0/lib/gcc/x86_64-pc-linux-gnu/11.3.0/../../../../lib64/:/lib/../lib64/:/usr/lib/../lib64/:/opt/boost_1_73_0/lib/:/opt/compiler/gcc-11.3.0/lib64/:/opt/compiler/gcc-11.3.0/lib/gcc/x86_64-pc-linux-gnu/11.3.0/../../../:/lib/:/usr/lib/
COLLECT_GCC_OPTIONS='-v' '-o' 'CMakeFiles/cmTC_292ec.dir/CMakeCXXCompilerABI.cpp.o' '-c' '-shared-libgcc' '-mtune=generic' '-march=x86-64' '-dumpdir' 'CMakeFiles/cmTC_292ec.dir/CMakeCXXCompilerABI.cpp.'
Linking CXX executable cmTC_292ec
/opt/compiler/cmake-3.25.1/bin/cmake -E cmake_link_script CMakeFiles/cmTC_292ec.dir/link.txt --verbose=1
/opt/compiler/gcc-11.3.0/bin/c++ -Wl,-O2 -Wl,--sort-common -Wl,--as-needed -Wl,-z,relro -Wl,-z,now -Wl,--disable-new-dtags -Wl,--gc-sections -Wl,-rpath,/home/shuren/.conda/envs/shuren_env3.9/lib -Wl,-rpath-link,/home/shuren/.conda/envs/shuren_env3.9/lib -L/home/shuren/.conda/envs/shuren_env3.9/lib -v -rdynamic CMakeFiles/cmTC_292ec.dir/CMakeCXXCompilerABI.cpp.o -o cmTC_292ec 
Using built-in specs.
COLLECT_GCC=/opt/compiler/gcc-11.3.0/bin/c++
COLLECT_LTO_WRAPPER=/opt/compiler/gcc-11.3.0/libexec/gcc/x86_64-pc-linux-gnu/11.3.0/lto-wrapper
Target: x86_64-pc-linux-gnu
Configured with: ../configure --prefix=/opt/compiler/gcc-11.3.0 --disable-multilib --with-system-zlib --enable-languages=c,c++,fortran,go,objc,obj-c++
Thread model: posix
Supported LTO compression algorithms: zlib
gcc version 11.3.0 (GCC) 
COMPILER_PATH=/opt/compiler/gcc-11.3.0/libexec/gcc/x86_64-pc-linux-gnu/11.3.0/:/opt/compiler/gcc-11.3.0/libexec/gcc/x86_64-pc-linux-gnu/11.3.0/:/opt/compiler/gcc-11.3.0/libexec/gcc/x86_64-pc-linux-gnu/:/opt/compiler/gcc-11.3.0/lib/gcc/x86_64-pc-linux-gnu/11.3.0/:/opt/compiler/gcc-11.3.0/lib/gcc/x86_64-pc-linux-gnu/
LIBRARY_PATH=/opt/compiler/gcc-11.3.0/lib64/../lib64/:/opt/compiler/gcc-11.3.0/lib/gcc/x86_64-pc-linux-gnu/11.3.0/:/opt/compiler/gcc-11.3.0/lib/gcc/x86_64-pc-linux-gnu/11.3.0/../../../../lib64/:/lib/../lib64/:/usr/lib/../lib64/:/opt/boost_1_73_0/lib/:/opt/compiler/gcc-11.3.0/lib64/:/opt/compiler/gcc-11.3.0/lib/gcc/x86_64-pc-linux-gnu/11.3.0/../../../:/lib/:/usr/lib/
COLLECT_GCC_OPTIONS='-L/home/shuren/.conda/envs/shuren_env3.9/lib' '-v' '-rdynamic' '-o' 'cmTC_292ec' '-shared-libgcc' '-mtune=generic' '-march=x86-64' '-dumpdir' 'cmTC_292ec.'
 /opt/compiler/gcc-11.3.0/libexec/gcc/x86_64-pc-linux-gnu/11.3.0/collect2 -plugin /opt/compiler/gcc-11.3.0/libexec/gcc/x86_64-pc-linux-gnu/11.3.0/liblto_plugin.so -plugin-opt=/opt/compiler/gcc-11.3.0/libexec/gcc/x86_64-pc-linux-gnu/11.3.0/lto-wrapper -plugin-opt=-fresolution=/tmp/cck7nAdf.res -plugin-opt=-pass-through=-lgcc_s -plugin-opt=-pass-through=-lgcc -plugin-opt=-pass-through=-lc -plugin-opt=-pass-through=-lgcc_s -plugin-opt=-pass-through=-lgcc --eh-frame-hdr -m elf_x86_64 -export-dynamic -dynamic-linker /lib64/ld-linux-x86-64.so.2 -o cmTC_292ec /lib/../lib64/crt1.o /lib/../lib64/crti.o /opt/compiler/gcc-11.3.0/lib/gcc/x86_64-pc-linux-gnu/11.3.0/crtbegin.o -L/home/shuren/.conda/envs/shuren_env3.9/lib -L/opt/compiler/gcc-11.3.0/lib64/../lib64 -L/opt/compiler/gcc-11.3.0/lib/gcc/x86_64-pc-linux-gnu/11.3.0 -L/opt/compiler/gcc-11.3.0/lib/gcc/x86_64-pc-linux-gnu/11.3.0/../../../../lib64 -L/lib/../lib64 -L/usr/lib/../lib64 -L/opt/boost_1_73_0/lib -L/opt/compiler/gcc-11.3.0/lib64 -L/opt/compiler/gcc-11.3.0/lib/gcc/x86_64-pc-linux-gnu/11.3.0/../../.. -O2 --sort-common --as-needed -z relro -z now --disable-new-dtags --gc-sections -rpath /home/shuren/.conda/envs/shuren_env3.9/lib -rpath-link /home/shuren/.conda/envs/shuren_env3.9/lib CMakeFiles/cmTC_292ec.dir/CMakeCXXCompilerABI.cpp.o -lstdc++ -lm -lgcc_s -lgcc -lc -lgcc_s -lgcc /opt/compiler/gcc-11.3.0/lib/gcc/x86_64-pc-linux-gnu/11.3.0/crtend.o /lib/../lib64/crtn.o
COLLECT_GCC_OPTIONS='-L/home/shuren/.conda/envs/shuren_env3.9/lib' '-v' '-rdynamic' '-o' 'cmTC_292ec' '-shared-libgcc' '-mtune=generic' '-march=x86-64' '-dumpdir' 'cmTC_292ec.'
gmake[1]: Leaving directory `/home/shuren/Code/pyDTFE/src/build/CMakeFiles/CMakeScratch/TryCompile-k2HkV4'



Parsed CXX implicit include dir info from above output: rv=done
  found start of include info
  found start of implicit include info
    add: [/opt/boost_1_73_0/include]
    add: [/opt/compiler/gcc-11.3.0/lib/gcc/x86_64-pc-linux-gnu/11.3.0/../../../../include/c++/11.3.0]
    add: [/opt/compiler/gcc-11.3.0/lib/gcc/x86_64-pc-linux-gnu/11.3.0/../../../../include/c++/11.3.0/x86_64-pc-linux-gnu]
    add: [/opt/compiler/gcc-11.3.0/lib/gcc/x86_64-pc-linux-gnu/11.3.0/../../../../include/c++/11.3.0/backward]
    add: [/opt/compiler/gcc-11.3.0/lib/gcc/x86_64-pc-linux-gnu/11.3.0/include]
    add: [/usr/local/include]
    add: [/opt/compiler/gcc-11.3.0/include]
    add: [/opt/compiler/gcc-11.3.0/lib/gcc/x86_64-pc-linux-gnu/11.3.0/include-fixed]
    add: [/usr/include]
  end of search list found
  collapse include dir [/opt/boost_1_73_0/include] ==> [/opt/boost_1_73_0/include]
  collapse include dir [/opt/compiler/gcc-11.3.0/lib/gcc/x86_64-pc-linux-gnu/11.3.0/../../../../include/c++/11.3.0] ==> [/opt/compiler/gcc-11.3.0/include/c++/11.3.0]
  collapse include dir [/opt/compiler/gcc-11.3.0/lib/gcc/x86_64-pc-linux-gnu/11.3.0/../../../../include/c++/11.3.0/x86_64-pc-linux-gnu] ==> [/opt/compiler/gcc-11.3.0/include/c++/11.3.0/x86_64-pc-linux-gnu]
  collapse include dir [/opt/compiler/gcc-11.3.0/lib/gcc/x86_64-pc-linux-gnu/11.3.0/../../../../include/c++/11.3.0/backward] ==> [/opt/compiler/gcc-11.3.0/include/c++/11.3.0/backward]
  collapse include dir [/opt/compiler/gcc-11.3.0/lib/gcc/x86_64-pc-linux-gnu/11.3.0/include] ==> [/opt/compiler/gcc-11.3.0/lib/gcc/x86_64-pc-linux-gnu/11.3.0/include]
  collapse include dir [/usr/local/include] ==> [/usr/local/include]
  collapse include dir [/opt/compiler/gcc-11.3.0/include] ==> [/opt/compiler/gcc-11.3.0/include]
  collapse include dir [/opt/compiler/gcc-11.3.0/lib/gcc/x86_64-pc-linux-gnu/11.3.0/include-fixed] ==> [/opt/compiler/gcc-11.3.0/lib/gcc/x86_64-pc-linux-gnu/11.3.0/include-fixed]
  collapse include dir [/usr/include] ==> [/usr/include]
  implicit include dirs: [/opt/boost_1_73_0/include;/opt/compiler/gcc-11.3.0/include/c++/11.3.0;/opt/compiler/gcc-11.3.0/include/c++/11.3.0/x86_64-pc-linux-gnu;/opt/compiler/gcc-11.3.0/include/c++/11.3.0/backward;/opt/compiler/gcc-11.3.0/lib/gcc/x86_64-pc-linux-gnu/11.3.0/include;/usr/local/include;/opt/compiler/gcc-11.3.0/include;/opt/compiler/gcc-11.3.0/lib/gcc/x86_64-pc-linux-gnu/11.3.0/include-fixed;/usr/include]


Parsed CXX implicit link information from above output:
  link line regex: [^( *|.*[/\])(x86_64-conda-linux-gnu-ld|CMAKE_LINK_STARTFILE-NOTFOUND|([^/\]+-)?ld|collect2)[^/\]*( |$)]
  ignore line: [Change Dir: /home/shuren/Code/pyDTFE/src/build/CMakeFiles/CMakeScratch/TryCompile-k2HkV4]
  ignore line: []
  ignore line: [Run Build Command(s):/usr/bin/gmake -f Makefile cmTC_292ec/fast && /usr/bin/gmake  -f CMakeFiles/cmTC_292ec.dir/build.make CMakeFiles/cmTC_292ec.dir/build]
  ignore line: [gmake[1]: Entering directory `/home/shuren/Code/pyDTFE/src/build/CMakeFiles/CMakeScratch/TryCompile-k2HkV4']
  ignore line: [Building CXX object CMakeFiles/cmTC_292ec.dir/CMakeCXXCompilerABI.cpp.o]
  ignore line: [/opt/compiler/gcc-11.3.0/bin/c++   -v -o CMakeFiles/cmTC_292ec.dir/CMakeCXXCompilerABI.cpp.o -c /opt/compiler/cmake-3.25.1/share/cmake-3.25/Modules/CMakeCXXCompilerABI.cpp]
  ignore line: [Using built-in specs.]
  ignore line: [COLLECT_GCC=/opt/compiler/gcc-11.3.0/bin/c++]
  ignore line: [Target: x86_64-pc-linux-gnu]
  ignore line: [Configured with: ../configure --prefix=/opt/compiler/gcc-11.3.0 --disable-multilib --with-system-zlib --enable-languages=c c++ fortran go objc obj-c++]
  ignore line: [Thread model: posix]
  ignore line: [Supported LTO compression algorithms: zlib]
  ignore line: [gcc version 11.3.0 (GCC) ]
  ignore line: [COLLECT_GCC_OPTIONS='-v' '-o' 'CMakeFiles/cmTC_292ec.dir/CMakeCXXCompilerABI.cpp.o' '-c' '-shared-libgcc' '-mtune=generic' '-march=x86-64' '-dumpdir' 'CMakeFiles/cmTC_292ec.dir/']
  ignore line: [ /opt/compiler/gcc-11.3.0/libexec/gcc/x86_64-pc-linux-gnu/11.3.0/cc1plus -quiet -v -D_GNU_SOURCE /opt/compiler/cmake-3.25.1/share/cmake-3.25/Modules/CMakeCXXCompilerABI.cpp -quiet -dumpdir CMakeFiles/cmTC_292ec.dir/ -dumpbase CMakeCXXCompilerABI.cpp.cpp -dumpbase-ext .cpp -mtune=generic -march=x86-64 -version -o /tmp/ccVPz11a.s]
  ignore line: [GNU C++17 (GCC) version 11.3.0 (x86_64-pc-linux-gnu)]
  ignore line: [	compiled by GNU C version 11.3.0  GMP version 6.1.0  MPFR version 3.1.6  MPC version 1.0.3  isl version isl-0.18-GMP]
  ignore line: []
  ignore line: [GGC heuristics: --param ggc-min-expand=100 --param ggc-min-heapsize=131072]
  ignore line: [ignoring nonexistent directory "/opt/compiler/gcc-11.3.0/lib/gcc/x86_64-pc-linux-gnu/11.3.0/../../../../x86_64-pc-linux-gnu/include"]
  ignore line: [ignoring duplicate directory "/opt/compiler/gcc-11.3.0/include"]
  ignore line: [  as it is a non-system directory that duplicates a system directory]
  ignore line: [#include "..." search starts here:]
  ignore line: [#include <...> search starts here:]
  ignore line: [ /opt/boost_1_73_0/include]
  ignore line: [ /opt/compiler/gcc-11.3.0/lib/gcc/x86_64-pc-linux-gnu/11.3.0/../../../../include/c++/11.3.0]
  ignore line: [ /opt/compiler/gcc-11.3.0/lib/gcc/x86_64-pc-linux-gnu/11.3.0/../../../../include/c++/11.3.0/x86_64-pc-linux-gnu]
  ignore line: [ /opt/compiler/gcc-11.3.0/lib/gcc/x86_64-pc-linux-gnu/11.3.0/../../../../include/c++/11.3.0/backward]
  ignore line: [ /opt/compiler/gcc-11.3.0/lib/gcc/x86_64-pc-linux-gnu/11.3.0/include]
  ignore line: [ /usr/local/include]
  ignore line: [ /opt/compiler/gcc-11.3.0/include]
  ignore line: [ /opt/compiler/gcc-11.3.0/lib/gcc/x86_64-pc-linux-gnu/11.3.0/include-fixed]
  ignore line: [ /usr/include]
  ignore line: [End of search list.]
  ignore line: [GNU C++17 (GCC) version 11.3.0 (x86_64-pc-linux-gnu)]
  ignore line: [	compiled by GNU C version 11.3.0  GMP version 6.1.0  MPFR version 3.1.6  MPC version 1.0.3  isl version isl-0.18-GMP]
  ignore line: []
  ignore line: [GGC heuristics: --param ggc-min-expand=100 --param ggc-min-heapsize=131072]
  ignore line: [Compiler executable checksum: 745d245c8367dbe100a5fcea8b1b5e65]
  ignore line: [COLLECT_GCC_OPTIONS='-v' '-o' 'CMakeFiles/cmTC_292ec.dir/CMakeCXXCompilerABI.cpp.o' '-c' '-shared-libgcc' '-mtune=generic' '-march=x86-64' '-dumpdir' 'CMakeFiles/cmTC_292ec.dir/']
  ignore line: [ as -v --64 -o CMakeFiles/cmTC_292ec.dir/CMakeCXXCompilerABI.cpp.o /tmp/ccVPz11a.s]
  ignore line: [GNU assembler version 2.27 (x86_64-redhat-linux) using BFD version version 2.27-27.base.el7]
  ignore line: [COMPILER_PATH=/opt/compiler/gcc-11.3.0/libexec/gcc/x86_64-pc-linux-gnu/11.3.0/:/opt/compiler/gcc-11.3.0/libexec/gcc/x86_64-pc-linux-gnu/11.3.0/:/opt/compiler/gcc-11.3.0/libexec/gcc/x86_64-pc-linux-gnu/:/opt/compiler/gcc-11.3.0/lib/gcc/x86_64-pc-linux-gnu/11.3.0/:/opt/compiler/gcc-11.3.0/lib/gcc/x86_64-pc-linux-gnu/]
  ignore line: [LIBRARY_PATH=/opt/compiler/gcc-11.3.0/lib64/../lib64/:/opt/compiler/gcc-11.3.0/lib/gcc/x86_64-pc-linux-gnu/11.3.0/:/opt/compiler/gcc-11.3.0/lib/gcc/x86_64-pc-linux-gnu/11.3.0/../../../../lib64/:/lib/../lib64/:/usr/lib/../lib64/:/opt/boost_1_73_0/lib/:/opt/compiler/gcc-11.3.0/lib64/:/opt/compiler/gcc-11.3.0/lib/gcc/x86_64-pc-linux-gnu/11.3.0/../../../:/lib/:/usr/lib/]
  ignore line: [COLLECT_GCC_OPTIONS='-v' '-o' 'CMakeFiles/cmTC_292ec.dir/CMakeCXXCompilerABI.cpp.o' '-c' '-shared-libgcc' '-mtune=generic' '-march=x86-64' '-dumpdir' 'CMakeFiles/cmTC_292ec.dir/CMakeCXXCompilerABI.cpp.']
  ignore line: [Linking CXX executable cmTC_292ec]
  ignore line: [/opt/compiler/cmake-3.25.1/bin/cmake -E cmake_link_script CMakeFiles/cmTC_292ec.dir/link.txt --verbose=1]
  ignore line: [/opt/compiler/gcc-11.3.0/bin/c++ -Wl -O2 -Wl --sort-common -Wl --as-needed -Wl -z relro -Wl -z now -Wl --disable-new-dtags -Wl --gc-sections -Wl -rpath /home/shuren/.conda/envs/shuren_env3.9/lib -Wl -rpath-link /home/shuren/.conda/envs/shuren_env3.9/lib -L/home/shuren/.conda/envs/shuren_env3.9/lib -v -rdynamic CMakeFiles/cmTC_292ec.dir/CMakeCXXCompilerABI.cpp.o -o cmTC_292ec ]
  ignore line: [Using built-in specs.]
  ignore line: [COLLECT_GCC=/opt/compiler/gcc-11.3.0/bin/c++]
  ignore line: [COLLECT_LTO_WRAPPER=/opt/compiler/gcc-11.3.0/libexec/gcc/x86_64-pc-linux-gnu/11.3.0/lto-wrapper]
  ignore line: [Target: x86_64-pc-linux-gnu]
  ignore line: [Configured with: ../configure --prefix=/opt/compiler/gcc-11.3.0 --disable-multilib --with-system-zlib --enable-languages=c c++ fortran go objc obj-c++]
  ignore line: [Thread model: posix]
  ignore line: [Supported LTO compression algorithms: zlib]
  ignore line: [gcc version 11.3.0 (GCC) ]
  ignore line: [COMPILER_PATH=/opt/compiler/gcc-11.3.0/libexec/gcc/x86_64-pc-linux-gnu/11.3.0/:/opt/compiler/gcc-11.3.0/libexec/gcc/x86_64-pc-linux-gnu/11.3.0/:/opt/compiler/gcc-11.3.0/libexec/gcc/x86_64-pc-linux-gnu/:/opt/compiler/gcc-11.3.0/lib/gcc/x86_64-pc-linux-gnu/11.3.0/:/opt/compiler/gcc-11.3.0/lib/gcc/x86_64-pc-linux-gnu/]
  ignore line: [LIBRARY_PATH=/opt/compiler/gcc-11.3.0/lib64/../lib64/:/opt/compiler/gcc-11.3.0/lib/gcc/x86_64-pc-linux-gnu/11.3.0/:/opt/compiler/gcc-11.3.0/lib/gcc/x86_64-pc-linux-gnu/11.3.0/../../../../lib64/:/lib/../lib64/:/usr/lib/../lib64/:/opt/boost_1_73_0/lib/:/opt/compiler/gcc-11.3.0/lib64/:/opt/compiler/gcc-11.3.0/lib/gcc/x86_64-pc-linux-gnu/11.3.0/../../../:/lib/:/usr/lib/]
  ignore line: [COLLECT_GCC_OPTIONS='-L/home/shuren/.conda/envs/shuren_env3.9/lib' '-v' '-rdynamic' '-o' 'cmTC_292ec' '-shared-libgcc' '-mtune=generic' '-march=x86-64' '-dumpdir' 'cmTC_292ec.']
  link line: [ /opt/compiler/gcc-11.3.0/libexec/gcc/x86_64-pc-linux-gnu/11.3.0/collect2 -plugin /opt/compiler/gcc-11.3.0/libexec/gcc/x86_64-pc-linux-gnu/11.3.0/liblto_plugin.so -plugin-opt=/opt/compiler/gcc-11.3.0/libexec/gcc/x86_64-pc-linux-gnu/11.3.0/lto-wrapper -plugin-opt=-fresolution=/tmp/cck7nAdf.res -plugin-opt=-pass-through=-lgcc_s -plugin-opt=-pass-through=-lgcc -plugin-opt=-pass-through=-lc -plugin-opt=-pass-through=-lgcc_s -plugin-opt=-pass-through=-lgcc --eh-frame-hdr -m elf_x86_64 -export-dynamic -dynamic-linker /lib64/ld-linux-x86-64.so.2 -o cmTC_292ec /lib/../lib64/crt1.o /lib/../lib64/crti.o /opt/compiler/gcc-11.3.0/lib/gcc/x86_64-pc-linux-gnu/11.3.0/crtbegin.o -L/home/shuren/.conda/envs/shuren_env3.9/lib -L/opt/compiler/gcc-11.3.0/lib64/../lib64 -L/opt/compiler/gcc-11.3.0/lib/gcc/x86_64-pc-linux-gnu/11.3.0 -L/opt/compiler/gcc-11.3.0/lib/gcc/x86_64-pc-linux-gnu/11.3.0/../../../../lib64 -L/lib/../lib64 -L/usr/lib/../lib64 -L/opt/boost_1_73_0/lib -L/opt/compiler/gcc-11.3.0/lib64 -L/opt/compiler/gcc-11.3.0/lib/gcc/x86_64-pc-linux-gnu/11.3.0/../../.. -O2 --sort-common --as-needed -z relro -z now --disable-new-dtags --gc-sections -rpath /home/shuren/.conda/envs/shuren_env3.9/lib -rpath-link /home/shuren/.conda/envs/shuren_env3.9/lib CMakeFiles/cmTC_292ec.dir/CMakeCXXCompilerABI.cpp.o -lstdc++ -lm -lgcc_s -lgcc -lc -lgcc_s -lgcc /opt/compiler/gcc-11.3.0/lib/gcc/x86_64-pc-linux-gnu/11.3.0/crtend.o /lib/../lib64/crtn.o]
    arg [/opt/compiler/gcc-11.3.0/libexec/gcc/x86_64-pc-linux-gnu/11.3.0/collect2] ==> ignore
    arg [-plugin] ==> ignore
    arg [/opt/compiler/gcc-11.3.0/libexec/gcc/x86_64-pc-linux-gnu/11.3.0/liblto_plugin.so] ==> ignore
    arg [-plugin-opt=/opt/compiler/gcc-11.3.0/libexec/gcc/x86_64-pc-linux-gnu/11.3.0/lto-wrapper] ==> ignore
    arg [-plugin-opt=-fresolution=/tmp/cck7nAdf.res] ==> ignore
    arg [-plugin-opt=-pass-through=-lgcc_s] ==> ignore
    arg [-plugin-opt=-pass-through=-lgcc] ==> ignore
    arg [-plugin-opt=-pass-through=-lc] ==> ignore
    arg [-plugin-opt=-pass-through=-lgcc_s] ==> ignore
    arg [-plugin-opt=-pass-through=-lgcc] ==> ignore
    arg [--eh-frame-hdr] ==> ignore
    arg [-m] ==> ignore
    arg [elf_x86_64] ==> ignore
    arg [-export-dynamic] ==> ignore
    arg [-dynamic-linker] ==> ignore
    arg [/lib64/ld-linux-x86-64.so.2] ==> ignore
    arg [-o] ==> ignore
    arg [cmTC_292ec] ==> ignore
    arg [/lib/../lib64/crt1.o] ==> obj [/lib/../lib64/crt1.o]
    arg [/lib/../lib64/crti.o] ==> obj [/lib/../lib64/crti.o]
    arg [/opt/compiler/gcc-11.3.0/lib/gcc/x86_64-pc-linux-gnu/11.3.0/crtbegin.o] ==> obj [/opt/compiler/gcc-11.3.0/lib/gcc/x86_64-pc-linux-gnu/11.3.0/crtbegin.o]
    arg [-L/home/shuren/.conda/envs/shuren_env3.9/lib] ==> dir [/home/shuren/.conda/envs/shuren_env3.9/lib]
    arg [-L/opt/compiler/gcc-11.3.0/lib64/../lib64] ==> dir [/opt/compiler/gcc-11.3.0/lib64/../lib64]
    arg [-L/opt/compiler/gcc-11.3.0/lib/gcc/x86_64-pc-linux-gnu/11.3.0] ==> dir [/opt/compiler/gcc-11.3.0/lib/gcc/x86_64-pc-linux-gnu/11.3.0]
    arg [-L/opt/compiler/gcc-11.3.0/lib/gcc/x86_64-pc-linux-gnu/11.3.0/../../../../lib64] ==> dir [/opt/compiler/gcc-11.3.0/lib/gcc/x86_64-pc-linux-gnu/11.3.0/../../../../lib64]
    arg [-L/lib/../lib64] ==> dir [/lib/../lib64]
    arg [-L/usr/lib/../lib64] ==> dir [/usr/lib/../lib64]
    arg [-L/opt/boost_1_73_0/lib] ==> dir [/opt/boost_1_73_0/lib]
    arg [-L/opt/compiler/gcc-11.3.0/lib64] ==> dir [/opt/compiler/gcc-11.3.0/lib64]
    arg [-L/opt/compiler/gcc-11.3.0/lib/gcc/x86_64-pc-linux-gnu/11.3.0/../../..] ==> dir [/opt/compiler/gcc-11.3.0/lib/gcc/x86_64-pc-linux-gnu/11.3.0/../../..]
    arg [-O2] ==> ignore
    arg [--sort-common] ==> ignore
    arg [--as-needed] ==> ignore
    arg [-zrelro] ==> ignore
    arg [-znow] ==> ignore
    arg [--disable-new-dtags] ==> ignore
    arg [--gc-sections] ==> ignore
    arg [-rpath] ==> ignore
    arg [/home/shuren/.conda/envs/shuren_env3.9/lib] ==> ignore
    arg [-rpath-link] ==> ignore
    arg [/home/shuren/.conda/envs/shuren_env3.9/lib] ==> ignore
    arg [CMakeFiles/cmTC_292ec.dir/CMakeCXXCompilerABI.cpp.o] ==> ignore
    arg [-lstdc++] ==> lib [stdc++]
    arg [-lm] ==> lib [m]
    arg [-lgcc_s] ==> lib [gcc_s]
    arg [-lgcc] ==> lib [gcc]
    arg [-lc] ==> lib [c]
    arg [-lgcc_s] ==> lib [gcc_s]
    arg [-lgcc] ==> lib [gcc]
    arg [/opt/compiler/gcc-11.3.0/lib/gcc/x86_64-pc-linux-gnu/11.3.0/crtend.o] ==> obj [/opt/compiler/gcc-11.3.0/lib/gcc/x86_64-pc-linux-gnu/11.3.0/crtend.o]
    arg [/lib/../lib64/crtn.o] ==> obj [/lib/../lib64/crtn.o]
  collapse obj [/lib/../lib64/crt1.o] ==> [/lib64/crt1.o]
  collapse obj [/lib/../lib64/crti.o] ==> [/lib64/crti.o]
  collapse obj [/lib/../lib64/crtn.o] ==> [/lib64/crtn.o]
  collapse library dir [/home/shuren/.conda/envs/shuren_env3.9/lib] ==> [/home/shuren/.conda/envs/shuren_env3.9/lib]
  collapse library dir [/opt/compiler/gcc-11.3.0/lib64/../lib64] ==> [/opt/compiler/gcc-11.3.0/lib64]
  collapse library dir [/opt/compiler/gcc-11.3.0/lib/gcc/x86_64-pc-linux-gnu/11.3.0] ==> [/opt/compiler/gcc-11.3.0/lib/gcc/x86_64-pc-linux-gnu/11.3.0]
  collapse library dir [/opt/compiler/gcc-11.3.0/lib/gcc/x86_64-pc-linux-gnu/11.3.0/../../../../lib64] ==> [/opt/compiler/gcc-11.3.0/lib64]
  collapse library dir [/lib/../lib64] ==> [/lib64]
  collapse library dir [/usr/lib/../lib64] ==> [/usr/lib64]
  collapse library dir [/opt/boost_1_73_0/lib] ==> [/opt/boost_1_73_0/lib]
  collapse library dir [/opt/compiler/gcc-11.3.0/lib64] ==> [/opt/compiler/gcc-11.3.0/lib64]
  collapse library dir [/opt/compiler/gcc-11.3.0/lib/gcc/x86_64-pc-linux-gnu/11.3.0/../../..] ==> [/opt/compiler/gcc-11.3.0/lib]
  implicit libs: [stdc++;m;gcc_s;gcc;c;gcc_s;gcc]
  implicit objs: [/lib64/crt1.o;/lib64/crti.o;/opt/compiler/gcc-11.3.0/lib/gcc/x86_64-pc-linux-gnu/11.3.0/crtbegin.o;/opt/compiler/gcc-11.3.0/lib/gcc/x86_64-pc-linux-gnu/11.3.0/crtend.o;/lib64/crtn.o]
  implicit dirs: [/home/shuren/.conda/envs/shuren_env3.9/lib;/opt/compiler/gcc-11.3.0/lib64;/opt/compiler/gcc-11.3.0/lib/gcc/x86_64-pc-linux-gnu/11.3.0;/lib64;/usr/lib64;/opt/boost_1_73_0/lib;/opt/compiler/gcc-11.3.0/lib]
  implicit fwks: []


Performing C++ SOURCE FILE Test HAS_FLTO succeeded with the following output:
Change Dir: /home/shuren/Code/pyDTFE/src/build/CMakeFiles/CMakeScratch/TryCompile-C5hLwr

Run Build Command(s):/usr/bin/gmake -f Makefile cmTC_4f5a3/fast && /usr/bin/gmake  -f CMakeFiles/cmTC_4f5a3.dir/build.make CMakeFiles/cmTC_4f5a3.dir/build
gmake[1]: Entering directory `/home/shuren/Code/pyDTFE/src/build/CMakeFiles/CMakeScratch/TryCompile-C5hLwr'
Building CXX object CMakeFiles/cmTC_4f5a3.dir/src.cxx.o
/opt/compiler/gcc-11.3.0/bin/c++ -DHAS_FLTO  -flto -fno-fat-lto-objects -o CMakeFiles/cmTC_4f5a3.dir/src.cxx.o -c /home/shuren/Code/pyDTFE/src/build/CMakeFiles/CMakeScratch/TryCompile-C5hLwr/src.cxx
Linking CXX executable cmTC_4f5a3
/opt/compiler/cmake-3.25.1/bin/cmake -E cmake_link_script CMakeFiles/cmTC_4f5a3.dir/link.txt --verbose=1
/opt/compiler/gcc-11.3.0/bin/c++ -Wl,-O2 -Wl,--sort-common -Wl,--as-needed -Wl,-z,relro -Wl,-z,now -Wl,--disable-new-dtags -Wl,--gc-sections -Wl,-rpath,/home/shuren/.conda/envs/shuren_env3.9/lib -Wl,-rpath-link,/home/shuren/.conda/envs/shuren_env3.9/lib -L/home/shuren/.conda/envs/shuren_env3.9/lib  -rdynamic CMakeFiles/cmTC_4f5a3.dir/src.cxx.o -o cmTC_4f5a3  -flto 
gmake[1]: Leaving directory `/home/shuren/Code/pyDTFE/src/build/CMakeFiles/CMakeScratch/TryCompile-C5hLwr'


Source file was:
int main() { return 0; }

